---------------------------------------------------------------
[2019-10-15T10:39:38+08:00] ::1 GET localhost/thinkphp5.1/public/
[运行时间：0.483134s] [吞吐率：2.07req/s] [内存消耗：1,997.05kb] [文件加载：71]
[ info ] [ LANG ] E:\www\thinkphp5.1\thinkphp\lang\zh-cn.php
[ info ] [ ROUTE ] array (
)
[ info ] [ HEADER ] array (
  'cookie' => 'pgv_pvi=6541809664; Hm_lvt_b393d153aeb26b46e9431fabaf0f6190=1562573171,1562593918; _ga=GA1.1.940187228.1563443493; Hm_lvt_b6e7d11991c8d9c5fc1538757aee5c98=1563440311,1564122821; Hm_lvt_7939d4262ca7fdc78dfecfe3a828ea00=1565183993,1565776046; PHPSESSID=3d3c78e5f59c515b9554bcef110042e1; think_lang=zh-cn; pgv_si=s6738250752; Hm_lvt_6f035c9498b2352e12886fcdbf2a25bb=1568594681,1568942435,1570497277; admin_username=admin; Hm_lpvt_6f035c9498b2352e12886fcdbf2a25bb=1571106735',
  'accept-language' => 'zh-CN,zh;q=0.9',
  'accept-encoding' => 'gzip, deflate, br',
  'sec-fetch-site' => 'none',
  'accept' => 'text/html,application/xhtml+xml,application/xml;q=0.9,image/webp,image/apng,*/*;q=0.8,application/signed-exchange;v=b3',
  'sec-fetch-user' => '?1',
  'sec-fetch-mode' => 'navigate',
  'user-agent' => 'Mozilla/5.0 (Windows NT 10.0; WOW64) AppleWebKit/537.36 (KHTML, like Gecko) Chrome/77.0.3865.90 Safari/537.36',
  'upgrade-insecure-requests' => '1',
  'connection' => 'close',
  'host' => 'localhost',
)
[ info ] [ PARAM ] array (
)
[ info ] [ VIEW ] E:\www\thinkphp5.1\application\home\view\index\index.html [ array (
) ]
---------------------------------------------------------------
[2019-10-15T10:39:39+08:00] ::1 GET localhost/thinkphp5.1/public/assets/admin/css/dashboard.css
[运行时间：0.230806s] [吞吐率：4.33req/s] [内存消耗：1,297.54kb] [文件加载：57]
[ info ] [ LANG ] E:\www\thinkphp5.1\thinkphp\lang\zh-cn.php
---------------------------------------------------------------
[2019-10-15T10:39:39+08:00] ::1 GET localhost/thinkphp5.1/public/assets/admin/css/font-awesome.min.css
[运行时间：0.231555s] [吞吐率：4.32req/s] [内存消耗：1,297.54kb] [文件加载：57]
[ info ] [ LANG ] E:\www\thinkphp5.1\thinkphp\lang\zh-cn.php
---------------------------------------------------------------
[2019-10-15T10:39:39+08:00] ::1 GET localhost/thinkphp5.1/public/assets/admin/css/css.css
[运行时间：0.239038s] [吞吐率：4.18req/s] [内存消耗：1,297.54kb] [文件加载：57]
[ info ] [ LANG ] E:\www\thinkphp5.1\thinkphp\lang\zh-cn.php
---------------------------------------------------------------
[2019-10-15T10:39:39+08:00] ::1 GET localhost/thinkphp5.1/public/assets/admin/js/require.min.js
[运行时间：0.018648s] [吞吐率：53.63req/s] [内存消耗：1,297.52kb] [文件加载：57]
[ info ] [ LANG ] E:\www\thinkphp5.1\thinkphp\lang\zh-cn.php
---------------------------------------------------------------
[2019-10-15T10:39:39+08:00] ::1 GET localhost/thinkphp5.1/public/assets/admin/js/dashboard.js
[运行时间：0.019110s] [吞吐率：52.33req/s] [内存消耗：1,297.52kb] [文件加载：57]
[ info ] [ LANG ] E:\www\thinkphp5.1\thinkphp\lang\zh-cn.php
---------------------------------------------------------------
[2019-10-15T10:39:39+08:00] ::1 GET localhost/thinkphp5.1/public/assets/admin/css/dashboard.css
[运行时间：0.018628s] [吞吐率：53.68req/s] [内存消耗：1,297.54kb] [文件加载：57]
[ info ] [ LANG ] E:\www\thinkphp5.1\thinkphp\lang\zh-cn.php
---------------------------------------------------------------
[2019-10-15T10:39:40+08:00] ::1 GET localhost/thinkphp5.1/public/demo/faces/female/1.jpg
[运行时间：0.018479s] [吞吐率：54.12req/s] [内存消耗：1,297.55kb] [文件加载：57]
[ info ] [ LANG ] E:\www\thinkphp5.1\thinkphp\lang\zh-cn.php
---------------------------------------------------------------
[2019-10-15T10:39:40+08:00] ::1 GET localhost/thinkphp5.1/public/demo/faces/female/18.jpg
[运行时间：0.018728s] [吞吐率：53.40req/s] [内存消耗：1,297.55kb] [文件加载：57]
[ info ] [ LANG ] E:\www\thinkphp5.1\thinkphp\lang\zh-cn.php
---------------------------------------------------------------
[2019-10-15T10:39:40+08:00] ::1 GET localhost/thinkphp5.1/public/demo/faces/male/41.jpg
[运行时间：0.019305s] [吞吐率：51.80req/s] [内存消耗：1,297.55kb] [文件加载：57]
[ info ] [ LANG ] E:\www\thinkphp5.1\thinkphp\lang\zh-cn.php
---------------------------------------------------------------
[2019-10-15T10:39:40+08:00] ::1 GET localhost/thinkphp5.1/public/assets/admin/images/david-klaasen-54203-500.jpg
[运行时间：0.017616s] [吞吐率：56.77req/s] [内存消耗：1,297.55kb] [文件加载：57]
[ info ] [ LANG ] E:\www\thinkphp5.1\thinkphp\lang\zh-cn.php
---------------------------------------------------------------
[2019-10-15T10:39:40+08:00] ::1 GET localhost/thinkphp5.1/public/assets/admin/images/david-marcu-114194-500.jpg
[运行时间：0.020727s] [吞吐率：48.25req/s] [内存消耗：1,297.55kb] [文件加载：57]
[ info ] [ LANG ] E:\www\thinkphp5.1\thinkphp\lang\zh-cn.php
---------------------------------------------------------------
[2019-10-15T10:39:40+08:00] ::1 GET localhost/thinkphp5.1/public/demo/faces/male/16.jpg
[运行时间：0.017547s] [吞吐率：56.99req/s] [内存消耗：1,297.55kb] [文件加载：57]
[ info ] [ LANG ] E:\www\thinkphp5.1\thinkphp\lang\zh-cn.php
---------------------------------------------------------------
[2019-10-15T10:39:40+08:00] ::1 GET localhost/thinkphp5.1/public/demo/faces/female/26.jpg
[运行时间：0.018032s] [吞吐率：55.46req/s] [内存消耗：1,297.55kb] [文件加载：57]
[ info ] [ LANG ] E:\www\thinkphp5.1\thinkphp\lang\zh-cn.php
---------------------------------------------------------------
[2019-10-15T10:39:40+08:00] ::1 GET localhost/thinkphp5.1/public/demo/faces/female/17.jpg
[运行时间：0.017331s] [吞吐率：57.70req/s] [内存消耗：1,297.55kb] [文件加载：57]
[ info ] [ LANG ] E:\www\thinkphp5.1\thinkphp\lang\zh-cn.php
---------------------------------------------------------------
[2019-10-15T10:39:40+08:00] ::1 GET localhost/thinkphp5.1/public/demo/faces/male/32.jpg
[运行时间：0.022505s] [吞吐率：44.43req/s] [内存消耗：1,297.55kb] [文件加载：57]
[ info ] [ LANG ] E:\www\thinkphp5.1\thinkphp\lang\zh-cn.php
---------------------------------------------------------------
[2019-10-15T10:39:40+08:00] ::1 GET localhost/thinkphp5.1/public/demo/faces/female/21.jpg
[运行时间：0.030971s] [吞吐率：32.29req/s] [内存消耗：1,297.55kb] [文件加载：57]
[ info ] [ LANG ] E:\www\thinkphp5.1\thinkphp\lang\zh-cn.php
---------------------------------------------------------------
[2019-10-15T10:39:40+08:00] ::1 GET localhost/thinkphp5.1/public/demo/faces/female/12.jpg
[运行时间：0.018542s] [吞吐率：53.93req/s] [内存消耗：1,297.55kb] [文件加载：57]
[ info ] [ LANG ] E:\www\thinkphp5.1\thinkphp\lang\zh-cn.php
---------------------------------------------------------------
[2019-10-15T10:39:40+08:00] ::1 GET localhost/thinkphp5.1/public/demo/faces/female/4.jpg
[运行时间：0.025048s] [吞吐率：39.92req/s] [内存消耗：1,297.55kb] [文件加载：57]
[ info ] [ LANG ] E:\www\thinkphp5.1\thinkphp\lang\zh-cn.php
---------------------------------------------------------------
[2019-10-15T10:39:40+08:00] ::1 GET localhost/thinkphp5.1/public/demo/faces/female/27.jpg
[运行时间：0.020030s] [吞吐率：49.93req/s] [内存消耗：1,297.55kb] [文件加载：57]
[ info ] [ LANG ] E:\www\thinkphp5.1\thinkphp\lang\zh-cn.php
---------------------------------------------------------------
[2019-10-15T10:39:41+08:00] ::1 GET localhost/thinkphp5.1/public/demo/faces/male/20.jpg
[运行时间：0.019309s] [吞吐率：51.79req/s] [内存消耗：1,297.55kb] [文件加载：57]
[ info ] [ LANG ] E:\www\thinkphp5.1\thinkphp\lang\zh-cn.php
---------------------------------------------------------------
[2019-10-15T10:39:41+08:00] ::1 GET localhost/thinkphp5.1/public/
[运行时间：0.027355s] [吞吐率：36.56req/s] [内存消耗：1,786.58kb] [文件加载：69]
[ info ] [ LANG ] E:\www\thinkphp5.1\thinkphp\lang\zh-cn.php
[ info ] [ ROUTE ] array (
)
[ info ] [ HEADER ] array (
  'cookie' => 'thinkphp_show_page_trace=0|0; pgv_pvi=6541809664; Hm_lvt_b393d153aeb26b46e9431fabaf0f6190=1562573171,1562593918; _ga=GA1.1.940187228.1563443493; Hm_lvt_b6e7d11991c8d9c5fc1538757aee5c98=1563440311,1564122821; Hm_lvt_7939d4262ca7fdc78dfecfe3a828ea00=1565183993,1565776046; PHPSESSID=3d3c78e5f59c515b9554bcef110042e1; think_lang=zh-cn; pgv_si=s6738250752; Hm_lvt_6f035c9498b2352e12886fcdbf2a25bb=1568594681,1568942435,1570497277; admin_username=admin; Hm_lpvt_6f035c9498b2352e12886fcdbf2a25bb=1571106735',
  'accept-language' => 'zh-CN,zh;q=0.9',
  'accept-encoding' => 'gzip, deflate, br',
  'sec-fetch-site' => 'none',
  'accept' => 'text/html,application/xhtml+xml,application/xml;q=0.9,image/webp,image/apng,*/*;q=0.8,application/signed-exchange;v=b3',
  'sec-fetch-user' => '?1',
  'sec-fetch-mode' => 'navigate',
  'user-agent' => 'Mozilla/5.0 (Windows NT 10.0; WOW64) AppleWebKit/537.36 (KHTML, like Gecko) Chrome/77.0.3865.90 Safari/537.36',
  'upgrade-insecure-requests' => '1',
  'cache-control' => 'max-age=0',
  'connection' => 'close',
  'host' => 'localhost',
)
[ info ] [ PARAM ] array (
)
[ info ] [ VIEW ] E:\www\thinkphp5.1\application\home\view\index\index.html [ array (
) ]
---------------------------------------------------------------
[2019-10-15T10:39:41+08:00] ::1 GET localhost/thinkphp5.1/public/assets/admin/css/css.css
[运行时间：0.017945s] [吞吐率：55.73req/s] [内存消耗：1,297.66kb] [文件加载：57]
[ info ] [ LANG ] E:\www\thinkphp5.1\thinkphp\lang\zh-cn.php
---------------------------------------------------------------
[2019-10-15T10:39:41+08:00] ::1 GET localhost/thinkphp5.1/public/assets/admin/js/require.min.js
[运行时间：0.018408s] [吞吐率：54.32req/s] [内存消耗：1,297.65kb] [文件加载：57]
[ info ] [ LANG ] E:\www\thinkphp5.1\thinkphp\lang\zh-cn.php
---------------------------------------------------------------
[2019-10-15T10:39:41+08:00] ::1 GET localhost/thinkphp5.1/public/assets/admin/css/font-awesome.min.css
[运行时间：0.023036s] [吞吐率：43.41req/s] [内存消耗：1,297.66kb] [文件加载：57]
[ info ] [ LANG ] E:\www\thinkphp5.1\thinkphp\lang\zh-cn.php
---------------------------------------------------------------
[2019-10-15T10:39:42+08:00] ::1 GET localhost/thinkphp5.1/public/assets/admin/css/dashboard.css
[运行时间：0.019173s] [吞吐率：52.16req/s] [内存消耗：1,297.66kb] [文件加载：57]
[ info ] [ LANG ] E:\www\thinkphp5.1\thinkphp\lang\zh-cn.php
---------------------------------------------------------------
[2019-10-15T10:39:42+08:00] ::1 GET localhost/thinkphp5.1/public/assets/admin/js/dashboard.js
[运行时间：0.019948s] [吞吐率：50.13req/s] [内存消耗：1,297.65kb] [文件加载：57]
[ info ] [ LANG ] E:\www\thinkphp5.1\thinkphp\lang\zh-cn.php
---------------------------------------------------------------
[2019-10-15T10:39:42+08:00] ::1 GET localhost/thinkphp5.1/public/demo/faces/female/1.jpg
[运行时间：0.026054s] [吞吐率：38.38req/s] [内存消耗：1,297.68kb] [文件加载：57]
[ info ] [ LANG ] E:\www\thinkphp5.1\thinkphp\lang\zh-cn.php
---------------------------------------------------------------
[2019-10-15T10:39:42+08:00] ::1 GET localhost/thinkphp5.1/public/demo/faces/male/41.jpg
[运行时间：0.027091s] [吞吐率：36.91req/s] [内存消耗：1,297.68kb] [文件加载：57]
[ info ] [ LANG ] E:\www\thinkphp5.1\thinkphp\lang\zh-cn.php
---------------------------------------------------------------
[2019-10-15T10:39:42+08:00] ::1 GET localhost/thinkphp5.1/public/demo/faces/female/18.jpg
[运行时间：0.059033s] [吞吐率：16.94req/s] [内存消耗：1,297.68kb] [文件加载：57]
[ info ] [ LANG ] E:\www\thinkphp5.1\thinkphp\lang\zh-cn.php
---------------------------------------------------------------
[2019-10-15T10:39:42+08:00] ::1 GET localhost/thinkphp5.1/public/demo/faces/male/32.jpg
[运行时间：0.019241s] [吞吐率：51.97req/s] [内存消耗：1,297.68kb] [文件加载：57]
[ info ] [ LANG ] E:\www\thinkphp5.1\thinkphp\lang\zh-cn.php
---------------------------------------------------------------
[2019-10-15T10:39:42+08:00] ::1 GET localhost/thinkphp5.1/public/demo/faces/female/26.jpg
[运行时间：0.020070s] [吞吐率：49.83req/s] [内存消耗：1,297.68kb] [文件加载：57]
[ info ] [ LANG ] E:\www\thinkphp5.1\thinkphp\lang\zh-cn.php
---------------------------------------------------------------
[2019-10-15T10:39:42+08:00] ::1 GET localhost/thinkphp5.1/public/demo/faces/female/21.jpg
[运行时间：0.022758s] [吞吐率：43.94req/s] [内存消耗：1,297.68kb] [文件加载：57]
[ info ] [ LANG ] E:\www\thinkphp5.1\thinkphp\lang\zh-cn.php
---------------------------------------------------------------
[2019-10-15T10:39:42+08:00] ::1 GET localhost/thinkphp5.1/public/demo/faces/female/17.jpg
[运行时间：0.022953s] [吞吐率：43.57req/s] [内存消耗：1,297.68kb] [文件加载：57]
[ info ] [ LANG ] E:\www\thinkphp5.1\thinkphp\lang\zh-cn.php
---------------------------------------------------------------
[2019-10-15T10:39:42+08:00] ::1 GET localhost/thinkphp5.1/public/demo/faces/female/12.jpg
[运行时间：0.019708s] [吞吐率：50.74req/s] [内存消耗：1,297.68kb] [文件加载：57]
[ info ] [ LANG ] E:\www\thinkphp5.1\thinkphp\lang\zh-cn.php
---------------------------------------------------------------
[2019-10-15T10:39:42+08:00] ::1 GET localhost/thinkphp5.1/public/demo/faces/female/27.jpg
[运行时间：0.019689s] [吞吐率：50.79req/s] [内存消耗：1,297.68kb] [文件加载：57]
[ info ] [ LANG ] E:\www\thinkphp5.1\thinkphp\lang\zh-cn.php
---------------------------------------------------------------
[2019-10-15T10:39:42+08:00] ::1 GET localhost/thinkphp5.1/public/demo/faces/female/4.jpg
[运行时间：0.020075s] [吞吐率：49.81req/s] [内存消耗：1,297.68kb] [文件加载：57]
[ info ] [ LANG ] E:\www\thinkphp5.1\thinkphp\lang\zh-cn.php
---------------------------------------------------------------
[2019-10-15T10:39:42+08:00] ::1 GET localhost/thinkphp5.1/public/demo/faces/male/20.jpg
[运行时间：0.017860s] [吞吐率：55.99req/s] [内存消耗：1,297.68kb] [文件加载：57]
[ info ] [ LANG ] E:\www\thinkphp5.1\thinkphp\lang\zh-cn.php
---------------------------------------------------------------
[2019-10-15T10:39:43+08:00] ::1 GET localhost/thinkphp5.1/public/assets/admin/images/david-klaasen-54203-500.jpg
[运行时间：0.018488s] [吞吐率：54.09req/s] [内存消耗：1,297.68kb] [文件加载：57]
[ info ] [ LANG ] E:\www\thinkphp5.1\thinkphp\lang\zh-cn.php
---------------------------------------------------------------
[2019-10-15T10:39:43+08:00] ::1 GET localhost/thinkphp5.1/public/assets/admin/images/david-marcu-114194-500.jpg
[运行时间：0.018638s] [吞吐率：53.65req/s] [内存消耗：1,297.68kb] [文件加载：57]
[ info ] [ LANG ] E:\www\thinkphp5.1\thinkphp\lang\zh-cn.php
---------------------------------------------------------------
[2019-10-15T10:39:43+08:00] ::1 GET localhost/thinkphp5.1/public/demo/faces/male/16.jpg
[运行时间：0.017544s] [吞吐率：57.00req/s] [内存消耗：1,297.68kb] [文件加载：57]
[ info ] [ LANG ] E:\www\thinkphp5.1\thinkphp\lang\zh-cn.php
---------------------------------------------------------------
[2019-10-15T10:39:48+08:00] ::1 GET localhost/thinkphp5.1/public/
[运行时间：0.025979s] [吞吐率：38.49req/s] [内存消耗：1,786.58kb] [文件加载：69]
[ info ] [ LANG ] E:\www\thinkphp5.1\thinkphp\lang\zh-cn.php
[ info ] [ ROUTE ] array (
)
[ info ] [ HEADER ] array (
  'cookie' => 'thinkphp_show_page_trace=0|0; pgv_pvi=6541809664; Hm_lvt_b393d153aeb26b46e9431fabaf0f6190=1562573171,1562593918; _ga=GA1.1.940187228.1563443493; Hm_lvt_b6e7d11991c8d9c5fc1538757aee5c98=1563440311,1564122821; Hm_lvt_7939d4262ca7fdc78dfecfe3a828ea00=1565183993,1565776046; PHPSESSID=3d3c78e5f59c515b9554bcef110042e1; think_lang=zh-cn; pgv_si=s6738250752; Hm_lvt_6f035c9498b2352e12886fcdbf2a25bb=1568594681,1568942435,1570497277; admin_username=admin; Hm_lpvt_6f035c9498b2352e12886fcdbf2a25bb=1571106735',
  'accept-language' => 'zh-CN,zh;q=0.9',
  'accept-encoding' => 'gzip, deflate, br',
  'sec-fetch-site' => 'none',
  'accept' => 'text/html,application/xhtml+xml,application/xml;q=0.9,image/webp,image/apng,*/*;q=0.8,application/signed-exchange;v=b3',
  'sec-fetch-user' => '?1',
  'sec-fetch-mode' => 'navigate',
  'user-agent' => 'Mozilla/5.0 (Windows NT 10.0; WOW64) AppleWebKit/537.36 (KHTML, like Gecko) Chrome/77.0.3865.90 Safari/537.36',
  'upgrade-insecure-requests' => '1',
  'cache-control' => 'max-age=0',
  'connection' => 'close',
  'host' => 'localhost',
)
[ info ] [ PARAM ] array (
)
[ info ] [ VIEW ] E:\www\thinkphp5.1\application\home\view\index\index.html [ array (
) ]
---------------------------------------------------------------
[2019-10-15T10:39:48+08:00] ::1 GET localhost/thinkphp5.1/public/assets/admin/css/font-awesome.min.css
[运行时间：0.018399s] [吞吐率：54.35req/s] [内存消耗：1,297.66kb] [文件加载：57]
[ info ] [ LANG ] E:\www\thinkphp5.1\thinkphp\lang\zh-cn.php
---------------------------------------------------------------
[2019-10-15T10:39:48+08:00] ::1 GET localhost/thinkphp5.1/public/assets/admin/css/css.css
[运行时间：0.027460s] [吞吐率：36.42req/s] [内存消耗：1,297.66kb] [文件加载：57]
[ info ] [ LANG ] E:\www\thinkphp5.1\thinkphp\lang\zh-cn.php
---------------------------------------------------------------
[2019-10-15T10:39:49+08:00] ::1 GET localhost/thinkphp5.1/public/
[运行时间：0.023830s] [吞吐率：41.96req/s] [内存消耗：1,786.58kb] [文件加载：69]
[ info ] [ LANG ] E:\www\thinkphp5.1\thinkphp\lang\zh-cn.php
[ info ] [ ROUTE ] array (
)
[ info ] [ HEADER ] array (
  'cookie' => 'thinkphp_show_page_trace=0|0; pgv_pvi=6541809664; Hm_lvt_b393d153aeb26b46e9431fabaf0f6190=1562573171,1562593918; _ga=GA1.1.940187228.1563443493; Hm_lvt_b6e7d11991c8d9c5fc1538757aee5c98=1563440311,1564122821; Hm_lvt_7939d4262ca7fdc78dfecfe3a828ea00=1565183993,1565776046; PHPSESSID=3d3c78e5f59c515b9554bcef110042e1; think_lang=zh-cn; pgv_si=s6738250752; Hm_lvt_6f035c9498b2352e12886fcdbf2a25bb=1568594681,1568942435,1570497277; admin_username=admin; Hm_lpvt_6f035c9498b2352e12886fcdbf2a25bb=1571106735',
  'accept-language' => 'zh-CN,zh;q=0.9',
  'accept-encoding' => 'gzip, deflate, br',
  'sec-fetch-site' => 'none',
  'accept' => 'text/html,application/xhtml+xml,application/xml;q=0.9,image/webp,image/apng,*/*;q=0.8,application/signed-exchange;v=b3',
  'sec-fetch-user' => '?1',
  'sec-fetch-mode' => 'navigate',
  'user-agent' => 'Mozilla/5.0 (Windows NT 10.0; WOW64) AppleWebKit/537.36 (KHTML, like Gecko) Chrome/77.0.3865.90 Safari/537.36',
  'upgrade-insecure-requests' => '1',
  'cache-control' => 'max-age=0',
  'connection' => 'close',
  'host' => 'localhost',
)
[ info ] [ PARAM ] array (
)
[ info ] [ VIEW ] E:\www\thinkphp5.1\application\home\view\index\index.html [ array (
) ]
---------------------------------------------------------------
[2019-10-15T10:39:49+08:00] ::1 GET localhost/thinkphp5.1/public/assets/admin/js/require.min.js
[运行时间：0.018802s] [吞吐率：53.19req/s] [内存消耗：1,297.65kb] [文件加载：57]
[ info ] [ LANG ] E:\www\thinkphp5.1\thinkphp\lang\zh-cn.php
n.php
---------------------------------------------------------------
[2019-10-15T10:39:49+08:00] ::1 GET localhost/thinkphp5.1/public/assets/admin/css/css.css
[运行时间：0.023966s] [吞吐率：41.73req/s] [内存消耗：1,297.66kb] [文件加载：57]
[ info ] [ LANG ] E:\www\thinkphp5.1\thinkphp\lang\zh-cn.php
---------------------------------------------------------------
[2019-10-15T10:39:49+08:00] ::1 GET localhost/thinkphp5.1/public/
[运行时间：0.023264s] [吞吐率：42.98req/s] [内存消耗：1,786.58kb] [文件加载：69]
[ info ] [ LANG ] E:\www\thinkphp5.1\thinkphp\lang\zh-cn.php
[ info ] [ ROUTE ] array (
)
[ info ] [ HEADER ] array (
  'cookie' => 'thinkphp_show_page_trace=0|0; pgv_pvi=6541809664; Hm_lvt_b393d153aeb26b46e9431fabaf0f6190=1562573171,1562593918; _ga=GA1.1.940187228.1563443493; Hm_lvt_b6e7d11991c8d9c5fc1538757aee5c98=1563440311,1564122821; Hm_lvt_7939d4262ca7fdc78dfecfe3a828ea00=1565183993,1565776046; PHPSESSID=3d3c78e5f59c515b9554bcef110042e1; think_lang=zh-cn; pgv_si=s6738250752; Hm_lvt_6f035c9498b2352e12886fcdbf2a25bb=1568594681,1568942435,1570497277; admin_username=admin; Hm_lpvt_6f035c9498b2352e12886fcdbf2a25bb=1571106735',
  'accept-language' => 'zh-CN,zh;q=0.9',
  'accept-encoding' => 'gzip, deflate, br',
  'sec-fetch-site' => 'none',
  'accept' => 'text/html,application/xhtml+xml,application/xml;q=0.9,image/webp,image/apng,*/*;q=0.8,application/signed-exchange;v=b3',
  'sec-fetch-user' => '?1',
  'sec-fetch-mode' => 'navigate',
  'user-agent' => 'Mozilla/5.0 (Windows NT 10.0; WOW64) AppleWebKit/537.36 (KHTML, like Gecko) Chrome/77.0.3865.90 Safari/537.36',
  'upgrade-insecure-requests' => '1',
  'cache-control' => 'max-age=0',
  'connection' => 'close',
  'host' => 'localhost',
)
[ info ] [ PARAM ] array (
)
[ info ] [ VIEW ] E:\www\thinkphp5.1\application\home\view\index\index.html [ array (
) ]
---------------------------------------------------------------
[2019-10-15T10:39:49+08:00] ::1 GET localhost/thinkphp5.1/public/assets/admin/js/dashboard.js
[运行时间：0.018276s] [吞吐率：54.72req/s] [内存消耗：1,297.65kb] [文件加载：57]
[ info ] [ LANG ] E:\www\thinkphp5.1\thinkphp\lang\zh-cn.php
---------------------------------------------------------------
[2019-10-15T10:39:49+08:00] ::1 GET localhost/thinkphp5.1/public/assets/admin/css/dashboard.css
[运行时间：0.018616s] [吞吐率：53.72req/s] [内存消耗：1,297.66kb] [文件加载：57]
[ info ] [ LANG ] E:\www\thinkphp5.1\thinkphp\lang\zh-cn.php
---------------------------------------------------------------
[2019-10-15T10:39:49+08:00] ::1 GET localhost/thinkphp5.1/public/assets/admin/css/font-awesome.min.css
[运行时间：0.021197s] [吞吐率：47.18req/s] [内存消耗：1,297.66kb] [文件加载：57]
[ info ] [ LANG ] E:\www\thinkphp5.1\thinkphp\lang\zh-cn.php
---------------------------------------------------------------
[2019-10-15T10:39:49+08:00] ::1 GET localhost/thinkphp5.1/public/assets/admin/js/require.min.js
[运行时间：0.018474s] [吞吐率：54.13req/s] [内存消耗：1,297.65kb] [文件加载：57]
[ info ] [ LANG ] E:\www\thinkphp5.1\thinkphp\lang\zh-cn.php
---------------------------------------------------------------
[2019-10-15T10:39:49+08:00] ::1 GET localhost/thinkphp5.1/public/assets/admin/js/dashboard.js
[运行时间：0.019193s] [吞吐率：52.10req/s] [内存消耗：1,297.65kb] [文件加载：57]
[ info ] [ LANG ] E:\www\thinkphp5.1\thinkphp\lang\zh-cn.php
---------------------------------------------------------------
[2019-10-15T10:39:49+08:00] ::1 GET localhost/thinkphp5.1/public/
[运行时间：0.023311s] [吞吐率：42.90req/s] [内存消耗：1,786.58kb] [文件加载：69]
[ info ] [ LANG ] E:\www\thinkphp5.1\thinkphp\lang\zh-cn.php
[ info ] [ ROUTE ] array (
)
[ info ] [ HEADER ] array (
  'cookie' => 'thinkphp_show_page_trace=0|0; pgv_pvi=6541809664; Hm_lvt_b393d153aeb26b46e9431fabaf0f6190=1562573171,1562593918; _ga=GA1.1.940187228.1563443493; Hm_lvt_b6e7d11991c8d9c5fc1538757aee5c98=1563440311,1564122821; Hm_lvt_7939d4262ca7fdc78dfecfe3a828ea00=1565183993,1565776046; PHPSESSID=3d3c78e5f59c515b9554bcef110042e1; think_lang=zh-cn; pgv_si=s6738250752; Hm_lvt_6f035c9498b2352e12886fcdbf2a25bb=1568594681,1568942435,1570497277; admin_username=admin; Hm_lpvt_6f035c9498b2352e12886fcdbf2a25bb=1571106735',
  'accept-language' => 'zh-CN,zh;q=0.9',
  'accept-encoding' => 'gzip, deflate, br',
  'sec-fetch-site' => 'none',
  'accept' => 'text/html,application/xhtml+xml,application/xml;q=0.9,image/webp,image/apng,*/*;q=0.8,application/signed-exchange;v=b3',
  'sec-fetch-user' => '?1',
  'sec-fetch-mode' => 'navigate',
  'user-agent' => 'Mozilla/5.0 (Windows NT 10.0; WOW64) AppleWebKit/537.36 (KHTML, like Gecko) Chrome/77.0.3865.90 Safari/537.36',
  'upgrade-insecure-requests' => '1',
  'cache-control' => 'max-age=0',
  'connection' => 'close',
  'host' => 'localhost',
)
[ info ] [ PARAM ] array (
)
[ info ] [ VIEW ] E:\www\thinkphp5.1\application\home\view\index\index.html [ array (
) ]
---------------------------------------------------------------
[2019-10-15T10:39:49+08:00] ::1 GET localhost/thinkphp5.1/public/assets/admin/css/css.css
[运行时间：0.017806s] [吞吐率：56.16req/s] [内存消耗：1,297.66kb] [文件加载：57]
[ info ] [ LANG ] E:\www\thinkphp5.1\thinkphp\lang\zh-cn.php
---------------------------------------------------------------
[2019-10-15T10:39:49+08:00] ::1 GET localhost/thinkphp5.1/public/assets/admin/js/dashboard.js
[运行时间：0.018543s] [吞吐率：53.93req/s] [内存消耗：1,297.65kb] [文件加载：57]
[ info ] [ LANG ] E:\www\thinkphp5.1\thinkphp\lang\zh-cn.php
-cn.php
---------------------------------------------------------------
[2019-10-15T10:39:50+08:00] ::1 GET localhost/thinkphp5.1/public/
[运行时间：0.023260s] [吞吐率：42.99req/s] [内存消耗：1,786.58kb] [文件加载：69]
[ info ] [ LANG ] E:\www\thinkphp5.1\thinkphp\lang\zh-cn.php
[ info ] [ ROUTE ] array (
)
[ info ] [ HEADER ] array (
  'cookie' => 'thinkphp_show_page_trace=0|0; pgv_pvi=6541809664; Hm_lvt_b393d153aeb26b46e9431fabaf0f6190=1562573171,1562593918; _ga=GA1.1.940187228.1563443493; Hm_lvt_b6e7d11991c8d9c5fc1538757aee5c98=1563440311,1564122821; Hm_lvt_7939d4262ca7fdc78dfecfe3a828ea00=1565183993,1565776046; PHPSESSID=3d3c78e5f59c515b9554bcef110042e1; think_lang=zh-cn; pgv_si=s6738250752; Hm_lvt_6f035c9498b2352e12886fcdbf2a25bb=1568594681,1568942435,1570497277; admin_username=admin; Hm_lpvt_6f035c9498b2352e12886fcdbf2a25bb=1571106735',
  'accept-language' => 'zh-CN,zh;q=0.9',
  'accept-encoding' => 'gzip, deflate, br',
  'sec-fetch-site' => 'none',
  'accept' => 'text/html,application/xhtml+xml,application/xml;q=0.9,image/webp,image/apng,*/*;q=0.8,application/signed-exchange;v=b3',
  'sec-fetch-user' => '?1',
  'sec-fetch-mode' => 'navigate',
  'user-agent' => 'Mozilla/5.0 (Windows NT 10.0; WOW64) AppleWebKit/537.36 (KHTML, like Gecko) Chrome/77.0.3865.90 Safari/537.36',
  'upgrade-insecure-requests' => '1',
  'cache-control' => 'max-age=0',
  'connection' => 'close',
  'host' => 'localhost',
)
[ info ] [ PARAM ] array (
)
[ info ] [ VIEW ] E:\www\thinkphp5.1\application\home\view\index\index.html [ array (
) ]
---------------------------------------------------------------
[2019-10-15T10:39:50+08:00] ::1 GET localhost/thinkphp5.1/public/assets/admin/js/require.min.js
[运行时间：0.017591s] [吞吐率：56.85req/s] [内存消耗：1,297.65kb] [文件加载：57]
[ info ] [ LANG ] E:\www\thinkphp5.1\thinkphp\lang\zh-cn.php
---------------------------------------------------------------
[2019-10-15T10:39:50+08:00] ::1 GET localhost/thinkphp5.1/public/assets/admin/css/font-awesome.min.css
[运行时间：0.019122s] [吞吐率：52.30req/s] [内存消耗：1,297.66kb] [文件加载：57]
[ info ] [ LANG ] E:\www\thinkphp5.1\thinkphp\lang\zh-cn.php
---------------------------------------------------------------
[2019-10-15T10:39:50+08:00] ::1 GET localhost/thinkphp5.1/public/assets/admin/css/dashboard.css
[运行时间：0.019784s] [吞吐率：50.55req/s] [内存消耗：1,297.66kb] [文件加载：57]
[ info ] [ LANG ] E:\www\thinkphp5.1\thinkphp\lang\zh-cn.php
---------------------------------------------------------------
[2019-10-15T10:39:50+08:00] ::1 GET localhost/thinkphp5.1/public/assets/admin/js/dashboard.js
[运行时间：0.018909s] [吞吐率：52.88req/s] [内存消耗：1,297.65kb] [文件加载：57]
[ info ] [ LANG ] E:\www\thinkphp5.1\thinkphp\lang\zh-cn.php
---------------------------------------------------------------
[2019-10-15T10:39:50+08:00] ::1 GET localhost/thinkphp5.1/public/assets/admin/css/dashboard.css
[运行时间：0.019186s] [吞吐率：52.12req/s] [内存消耗：1,297.66kb] [文件加载：57]
[ info ] [ LANG ] E:\www\thinkphp5.1\thinkphp\lang\zh-cn.php
---------------------------------------------------------------
[2019-10-15T10:39:50+08:00] ::1 GET localhost/thinkphp5.1/public/assets/admin/css/css.css
[运行时间：0.018939s] [吞吐率：52.80req/s] [内存消耗：1,297.66kb] [文件加载：57]
[ info ] [ LANG ] E:\www\thinkphp5.1\thinkphp\lang\zh-cn.php
---------------------------------------------------------------
[2019-10-15T10:39:50+08:00] ::1 GET localhost/thinkphp5.1/public/assets/admin/js/require.min.js
[运行时间：0.018304s] [吞吐率：54.63req/s] [内存消耗：1,297.65kb] [文件加载：57]
[ info ] [ LANG ] E:\www\thinkphp5.1\thinkphp\lang\zh-cn.php
---------------------------------------------------------------
[2019-10-15T10:39:50+08:00] ::1 GET localhost/thinkphp5.1/public/assets/admin/css/dashboard.css
[运行时间：0.018631s] [吞吐率：53.67req/s] [内存消耗：1,297.66kb] [文件加载：57]
[ info ] [ LANG ] E:\www\thinkphp5.1\thinkphp\lang\zh-cn.php
---------------------------------------------------------------
[2019-10-15T10:39:50+08:00] ::1 GET localhost/thinkphp5.1/public/assets/admin/js/require.min.js
[运行时间：0.018932s] [吞吐率：52.82req/s] [内存消耗：1,297.65kb] [文件加载：57]
[ info ] [ LANG ] E:\www\thinkphp5.1\thinkphp\lang\zh-cn.php
---------------------------------------------------------------
[2019-10-15T10:39:51+08:00] ::1 GET localhost/thinkphp5.1/public/assets/admin/js/dashboard.js
[运行时间：0.019915s] [吞吐率：50.21req/s] [内存消耗：1,297.65kb] [文件加载：57]
[ info ] [ LANG ] E:\www\thinkphp5.1\thinkphp\lang\zh-cn.php
---------------------------------------------------------------
[2019-10-15T10:39:51+08:00] ::1 GET localhost/thinkphp5.1/public/assets/admin/css/css.css
[运行时间：0.020263s] [吞吐率：49.35req/s] [内存消耗：1,297.66kb] [文件加载：57]
[ info ] [ LANG ] E:\www\thinkphp5.1\thinkphp\lang\zh-cn.php
---------------------------------------------------------------
[2019-10-15T10:39:51+08:00] ::1 GET localhost/thinkphp5.1/public/assets/admin/js/dashboard.js
[运行时间：0.020247s] [吞吐率：49.39req/s] [内存消耗：1,297.65kb] [文件加载：57]
[ info ] [ LANG ] E:\www\thinkphp5.1\thinkphp\lang\zh-cn.php
---------------------------------------------------------------
[2019-10-15T10:39:51+08:00] ::1 GET localhost/thinkphp5.1/public/assets/admin/css/dashboard.css
[运行时间：0.020400s] [吞吐率：49.02req/s] [内存消耗：1,297.66kb] [文件加载：57]
[ info ] [ LANG ] E:\www\thinkphp5.1\thinkphp\lang\zh-cn.php
---------------------------------------------------------------
[2019-10-15T10:39:51+08:00] ::1 GET localhost/thinkphp5.1/public/demo/faces/female/1.jpg
[运行时间：0.017666s] [吞吐率：56.61req/s] [内存消耗：1,297.68kb] [文件加载：57]
[ info ] [ LANG ] E:\www\thinkphp5.1\thinkphp\lang\zh-cn.php
---------------------------------------------------------------
[2019-10-15T10:39:51+08:00] ::1 GET localhost/thinkphp5.1/public/demo/faces/female/18.jpg
[运行时间：0.019160s] [吞吐率：52.19req/s] [内存消耗：1,297.68kb] [文件加载：57]
[ info ] [ LANG ] E:\www\thinkphp5.1\thinkphp\lang\zh-cn.php
---------------------------------------------------------------
[2019-10-15T10:39:51+08:00] ::1 GET localhost/thinkphp5.1/public/demo/faces/male/41.jpg
[运行时间：0.019628s] [吞吐率：50.95req/s] [内存消耗：1,297.68kb] [文件加载：57]
[ info ] [ LANG ] E:\www\thinkphp5.1\thinkphp\lang\zh-cn.php
---------------------------------------------------------------
[2019-10-15T10:39:51+08:00] ::1 GET localhost/thinkphp5.1/public/demo/faces/male/16.jpg
[运行时间：0.017833s] [吞吐率：56.08req/s] [内存消耗：1,297.68kb] [文件加载：57]
[ info ] [ LANG ] E:\www\thinkphp5.1\thinkphp\lang\zh-cn.php
---------------------------------------------------------------
[2019-10-15T10:39:51+08:00] ::1 GET localhost/thinkphp5.1/public/demo/faces/male/32.jpg
[运行时间：0.024419s] [吞吐率：40.95req/s] [内存消耗：1,297.68kb] [文件加载：57]
[ info ] [ LANG ] E:\www\thinkphp5.1\thinkphp\lang\zh-cn.php
---------------------------------------------------------------
[2019-10-15T10:39:51+08:00] ::1 GET localhost/thinkphp5.1/public/demo/faces/female/21.jpg
[运行时间：0.025572s] [吞吐率：39.11req/s] [内存消耗：1,297.68kb] [文件加载：57]
[ info ] [ LANG ] E:\www\thinkphp5.1\thinkphp\lang\zh-cn.php
---------------------------------------------------------------
[2019-10-15T10:39:51+08:00] ::1 GET localhost/thinkphp5.1/public/demo/faces/female/12.jpg
[运行时间：0.019514s] [吞吐率：51.25req/s] [内存消耗：1,297.68kb] [文件加载：57]
[ info ] [ LANG ] E:\www\thinkphp5.1\thinkphp\lang\zh-cn.php
---------------------------------------------------------------
[2019-10-15T10:39:51+08:00] ::1 GET localhost/thinkphp5.1/public/demo/faces/female/4.jpg
[运行时间：0.020340s] [吞吐率：49.16req/s] [内存消耗：1,297.68kb] [文件加载：57]
[ info ] [ LANG ] E:\www\thinkphp5.1\thinkphp\lang\zh-cn.php
---------------------------------------------------------------
[2019-10-15T10:39:51+08:00] ::1 GET localhost/thinkphp5.1/public/demo/faces/female/17.jpg
[运行时间：0.030299s] [吞吐率：33.00req/s] [内存消耗：1,297.68kb] [文件加载：57]
[ info ] [ LANG ] E:\www\thinkphp5.1\thinkphp\lang\zh-cn.php
---------------------------------------------------------------
[2019-10-15T10:39:51+08:00] ::1 GET localhost/thinkphp5.1/public/demo/faces/male/20.jpg
[运行时间：0.020055s] [吞吐率：49.86req/s] [内存消耗：1,297.68kb] [文件加载：57]
[ info ] [ LANG ] E:\www\thinkphp5.1\thinkphp\lang\zh-cn.php
---------------------------------------------------------------
[2019-10-15T10:39:51+08:00] ::1 GET localhost/thinkphp5.1/public/demo/faces/female/27.jpg
[运行时间：0.021721s] [吞吐率：46.04req/s] [内存消耗：1,297.68kb] [文件加载：57]
[ info ] [ LANG ] E:\www\thinkphp5.1\thinkphp\lang\zh-cn.php
---------------------------------------------------------------
[2019-10-15T10:39:52+08:00] ::1 GET localhost/thinkphp5.1/public/assets/admin/images/david-klaasen-54203-500.jpg
[运行时间：0.018863s] [吞吐率：53.01req/s] [内存消耗：1,297.68kb] [文件加载：57]
[ info ] [ LANG ] E:\www\thinkphp5.1\thinkphp\lang\zh-cn.php
---------------------------------------------------------------
[2019-10-15T10:39:52+08:00] ::1 GET localhost/thinkphp5.1/public/assets/admin/images/david-marcu-114194-500.jpg
[运行时间：0.018931s] [吞吐率：52.82req/s] [内存消耗：1,297.68kb] [文件加载：57]
[ info ] [ LANG ] E:\www\thinkphp5.1\thinkphp\lang\zh-cn.php
---------------------------------------------------------------
[2019-10-15T10:39:52+08:00] ::1 GET localhost/thinkphp5.1/public/demo/faces/female/26.jpg
[运行时间：0.019042s] [吞吐率：52.52req/s] [内存消耗：1,297.68kb] [文件加载：57]
[ info ] [ LANG ] E:\www\thinkphp5.1\thinkphp\lang\zh-cn.php
---------------------------------------------------------------
[2019-10-15T10:39:56+08:00] ::1 GET localhost/thinkphp5.1/public/admin
[运行时间：0.194362s] [吞吐率：5.15req/s] [内存消耗：1,735.09kb] [文件加载：69]
[ info ] [ LANG ] E:\www\thinkphp5.1\thinkphp\lang\zh-cn.php
[ info ] [ ROUTE ] array (
)
[ info ] [ HEADER ] array (
  'cookie' => 'thinkphp_show_page_trace=0|0; pgv_pvi=6541809664; Hm_lvt_b393d153aeb26b46e9431fabaf0f6190=1562573171,1562593918; _ga=GA1.1.940187228.1563443493; Hm_lvt_b6e7d11991c8d9c5fc1538757aee5c98=1563440311,1564122821; Hm_lvt_7939d4262ca7fdc78dfecfe3a828ea00=1565183993,1565776046; PHPSESSID=3d3c78e5f59c515b9554bcef110042e1; think_lang=zh-cn; pgv_si=s6738250752; Hm_lvt_6f035c9498b2352e12886fcdbf2a25bb=1568594681,1568942435,1570497277; admin_username=admin; Hm_lpvt_6f035c9498b2352e12886fcdbf2a25bb=1571106735',
  'accept-language' => 'zh-CN,zh;q=0.9',
  'accept-encoding' => 'gzip, deflate, br',
  'sec-fetch-site' => 'none',
  'accept' => 'text/html,application/xhtml+xml,application/xml;q=0.9,image/webp,image/apng,*/*;q=0.8,application/signed-exchange;v=b3',
  'sec-fetch-user' => '?1',
  'sec-fetch-mode' => 'navigate',
  'user-agent' => 'Mozilla/5.0 (Windows NT 10.0; WOW64) AppleWebKit/537.36 (KHTML, like Gecko) Chrome/77.0.3865.90 Safari/537.36',
  'upgrade-insecure-requests' => '1',
  'connection' => 'close',
  'host' => 'localhost',
)
[ info ] [ PARAM ] array (
)
[ info ] [ VIEW ] E:\www\thinkphp5.1\application\admin\view\index\index.html [ array (
) ]
---------------------------------------------------------------
[2019-10-15T10:40:04+08:00] ::1 GET localhost/thinkphp5.1/public/admin/tpaper/index.html
[运行时间：0.097787s] [吞吐率：10.23req/s] [内存消耗：1,867.53kb] [文件加载：71]
[ info ] [ LANG ] E:\www\thinkphp5.1\thinkphp\lang\zh-cn.php
[ info ] [ ROUTE ] array (
)
[ info ] [ HEADER ] array (
  'cookie' => 'thinkphp_show_page_trace=0|0; pgv_pvi=6541809664; Hm_lvt_b393d153aeb26b46e9431fabaf0f6190=1562573171,1562593918; _ga=GA1.1.940187228.1563443493; Hm_lvt_b6e7d11991c8d9c5fc1538757aee5c98=1563440311,1564122821; Hm_lvt_7939d4262ca7fdc78dfecfe3a828ea00=1565183993,1565776046; PHPSESSID=3d3c78e5f59c515b9554bcef110042e1; think_lang=zh-cn; pgv_si=s6738250752; Hm_lvt_6f035c9498b2352e12886fcdbf2a25bb=1568594681,1568942435,1570497277; admin_username=admin; Hm_lpvt_6f035c9498b2352e12886fcdbf2a25bb=1571106735',
  'accept-language' => 'zh-CN,zh;q=0.9',
  'accept-encoding' => 'gzip, deflate, br',
  'referer' => 'http://localhost/thinkphp5.1/public/admin',
  'sec-fetch-site' => 'same-origin',
  'accept' => 'text/html,application/xhtml+xml,application/xml;q=0.9,image/webp,image/apng,*/*;q=0.8,application/signed-exchange;v=b3',
  'sec-fetch-user' => '?1',
  'sec-fetch-mode' => 'navigate',
  'user-agent' => 'Mozilla/5.0 (Windows NT 10.0; WOW64) AppleWebKit/537.36 (KHTML, like Gecko) Chrome/77.0.3865.90 Safari/537.36',
  'upgrade-insecure-requests' => '1',
  'connection' => 'close',
  'host' => 'localhost',
)
[ info ] [ PARAM ] array (
)
[ info ] [ VIEW ] E:\www\thinkphp5.1\application\admin\view\tpaper\index\index.html [ array (
) ]
---------------------------------------------------------------
[2019-10-15T10:40:07+08:00] ::1 GET localhost/thinkphp5.1/public/admin/general/config.html
[运行时间：0.052678s] [吞吐率：18.98req/s] [内存消耗：1,867.35kb] [文件加载：71]
[ info ] [ LANG ] E:\www\thinkphp5.1\thinkphp\lang\zh-cn.php
[ info ] [ ROUTE ] array (
)
[ info ] [ HEADER ] array (
  'cookie' => 'thinkphp_show_page_trace=0|0; pgv_pvi=6541809664; Hm_lvt_b393d153aeb26b46e9431fabaf0f6190=1562573171,1562593918; _ga=GA1.1.940187228.1563443493; Hm_lvt_b6e7d11991c8d9c5fc1538757aee5c98=1563440311,1564122821; Hm_lvt_7939d4262ca7fdc78dfecfe3a828ea00=1565183993,1565776046; PHPSESSID=3d3c78e5f59c515b9554bcef110042e1; think_lang=zh-cn; pgv_si=s6738250752; Hm_lvt_6f035c9498b2352e12886fcdbf2a25bb=1568594681,1568942435,1570497277; admin_username=admin; Hm_lpvt_6f035c9498b2352e12886fcdbf2a25bb=1571106735',
  'accept-language' => 'zh-CN,zh;q=0.9',
  'accept-encoding' => 'gzip, deflate, br',
  'referer' => 'http://localhost/thinkphp5.1/public/admin/tpaper/index.html',
  'sec-fetch-site' => 'same-origin',
  'accept' => 'text/html,application/xhtml+xml,application/xml;q=0.9,image/webp,image/apng,*/*;q=0.8,application/signed-exchange;v=b3',
  'sec-fetch-user' => '?1',
  'sec-fetch-mode' => 'navigate',
  'user-agent' => 'Mozilla/5.0 (Windows NT 10.0; WOW64) AppleWebKit/537.36 (KHTML, like Gecko) Chrome/77.0.3865.90 Safari/537.36',
  'upgrade-insecure-requests' => '1',
  'connection' => 'close',
  'host' => 'localhost',
)
[ info ] [ PARAM ] array (
)
[ info ] [ VIEW ] E:\www\thinkphp5.1\application\admin\view\general\config\index.html [ array (
) ]
---------------------------------------------------------------
[2019-10-15T10:40:10+08:00] ::1 GET localhost/thinkphp5.1/public/admin/general/login.html
[运行时间：0.064022s] [吞吐率：15.62req/s] [内存消耗：1,619.72kb] [文件加载：65]
[ info ] [ LANG ] E:\www\thinkphp5.1\thinkphp\lang\zh-cn.php
[ info ] [ ROUTE ] array (
)
[ info ] [ HEADER ] array (
  'cookie' => 'thinkphp_show_page_trace=0|0; thinkphp_show_page_trace=0|0; pgv_pvi=6541809664; Hm_lvt_b393d153aeb26b46e9431fabaf0f6190=1562573171,1562593918; _ga=GA1.1.940187228.1563443493; Hm_lvt_b6e7d11991c8d9c5fc1538757aee5c98=1563440311,1564122821; Hm_lvt_7939d4262ca7fdc78dfecfe3a828ea00=1565183993,1565776046; PHPSESSID=3d3c78e5f59c515b9554bcef110042e1; think_lang=zh-cn; pgv_si=s6738250752; Hm_lvt_6f035c9498b2352e12886fcdbf2a25bb=1568594681,1568942435,1570497277; admin_username=admin; Hm_lpvt_6f035c9498b2352e12886fcdbf2a25bb=1571106735',
  'accept-language' => 'zh-CN,zh;q=0.9',
  'accept-encoding' => 'gzip, deflate, br',
  'referer' => 'http://localhost/thinkphp5.1/public/admin/general/config.html',
  'sec-fetch-site' => 'same-origin',
  'accept' => 'text/html,application/xhtml+xml,application/xml;q=0.9,image/webp,image/apng,*/*;q=0.8,application/signed-exchange;v=b3',
  'sec-fetch-user' => '?1',
  'sec-fetch-mode' => 'navigate',
  'user-agent' => 'Mozilla/5.0 (Windows NT 10.0; WOW64) AppleWebKit/537.36 (KHTML, like Gecko) Chrome/77.0.3865.90 Safari/537.36',
  'upgrade-insecure-requests' => '1',
  'connection' => 'close',
  'host' => 'localhost',
)
[ info ] [ PARAM ] array (
)
