---------------------------------------------------------------

[2019-11-02T15:31:20+08:00] 127.0.0.1 GET localhost:8000/admin/dashboard/index.html
[运行时间：0.431048s] [吞吐率：2.32req/s] [内存消耗：1,744.59kb] [文件加载：71]
[ info ] [ LANG ] E:\www\thinkphp5.1\thinkphp\lang\zh-cn.php
[ info ] [ ROUTE ] array (
)
[ info ] [ HEADER ] array (
  'host' => 'localhost:8000',
  'connection' => 'keep-alive',
  'upgrade-insecure-requests' => '1',
  'user-agent' => 'Mozilla/5.0 (Windows NT 10.0; WOW64) AppleWebKit/537.36 (KHTML, like Gecko) Chrome/78.0.3904.70 Safari/537.36',
  'sec-fetch-user' => '?1',
  'accept' => 'text/html,application/xhtml+xml,application/xml;q=0.9,image/webp,image/apng,*/*;q=0.8,application/signed-exchange;v=b3',
  'sec-fetch-site' => 'same-origin',
  'sec-fetch-mode' => 'navigate',
  'referer' => 'http://localhost:8000/admin/question/index.html',
  'accept-encoding' => 'gzip, deflate, br',
  'accept-language' => 'zh-CN,zh;q=0.9',
  'cookie' => 'thinkphp_show_page_trace=0|0; pgv_pvi=6541809664; Hm_lvt_b393d153aeb26b46e9431fabaf0f6190=1562573171,1562593918; _ga=GA1.1.940187228.1563443493; Hm_lvt_b6e7d11991c8d9c5fc1538757aee5c98=1563440311,1564122821; Hm_lvt_7939d4262ca7fdc78dfecfe3a828ea00=1565183993,1565776046; admin_username=admin; Hm_lvt_6f035c9498b2352e12886fcdbf2a25bb=1570497277,1571727851,1572244921; Hm_lpvt_6f035c9498b2352e12886fcdbf2a25bb=1572255462; PHPSESSID=2dc10d910f1e06a3542d2b0d14769b6f; think_lang=zh-cn; thinkphp_show_page_trace=0|0',
)
[ info ] [ PARAM ] array (
)
[ info ] [ VIEW ] E:\www\thinkphp5.1\application\admin\view\dashboard\index.html [ array (
) ]
---------------------------------------------------------------

[2019-11-02T15:31:22+08:00] 127.0.0.1 GET localhost:8000/admin/dashboard/__IMG__/img.jpg
[运行时间：0.122195s] [吞吐率：8.18req/s] [内存消耗：1,686.09kb] [文件加载：71]
[ info ] [ LANG ] E:\www\thinkphp5.1\thinkphp\lang\zh-cn.php
[ info ] [ ROUTE ] array (
)
[ info ] [ HEADER ] array (
  'host' => 'localhost:8000',
  'connection' => 'keep-alive',
  'user-agent' => 'Mozilla/5.0 (Windows NT 10.0; WOW64) AppleWebKit/537.36 (KHTML, like Gecko) Chrome/78.0.3904.70 Safari/537.36',
  'accept' => 'image/webp,image/apng,image/*,*/*;q=0.8',
  'sec-fetch-site' => 'same-origin',
  'sec-fetch-mode' => 'no-cors',
  'referer' => 'http://localhost:8000/admin/dashboard/index.html',
  'accept-encoding' => 'gzip, deflate, br',
  'accept-language' => 'zh-CN,zh;q=0.9',
  'cookie' => 'thinkphp_show_page_trace=0|0; pgv_pvi=6541809664; Hm_lvt_b393d153aeb26b46e9431fabaf0f6190=1562573171,1562593918; _ga=GA1.1.940187228.1563443493; Hm_lvt_b6e7d11991c8d9c5fc1538757aee5c98=1563440311,1564122821; Hm_lvt_7939d4262ca7fdc78dfecfe3a828ea00=1565183993,1565776046; admin_username=admin; Hm_lvt_6f035c9498b2352e12886fcdbf2a25bb=1570497277,1571727851,1572244921; Hm_lpvt_6f035c9498b2352e12886fcdbf2a25bb=1572255462; PHPSESSID=2dc10d910f1e06a3542d2b0d14769b6f; think_lang=zh-cn; thinkphp_show_page_trace=0|0',
)
[ info ] [ PARAM ] array (
)
---------------------------------------------------------------

[2019-11-02T15:31:22+08:00] 127.0.0.1 GET localhost:8000/admin/dashboard/__IMG__/logo.png
[运行时间：0.042319s] [吞吐率：23.63req/s] [内存消耗：1,686.09kb] [文件加载：71]
[ info ] [ LANG ] E:\www\thinkphp5.1\thinkphp\lang\zh-cn.php
[ info ] [ ROUTE ] array (
)
[ info ] [ HEADER ] array (
  'host' => 'localhost:8000',
  'connection' => 'keep-alive',
  'user-agent' => 'Mozilla/5.0 (Windows NT 10.0; WOW64) AppleWebKit/537.36 (KHTML, like Gecko) Chrome/78.0.3904.70 Safari/537.36',
  'accept' => 'image/webp,image/apng,image/*,*/*;q=0.8',
  'sec-fetch-site' => 'same-origin',
  'sec-fetch-mode' => 'no-cors',
  'referer' => 'http://localhost:8000/admin/dashboard/index.html',
  'accept-encoding' => 'gzip, deflate, br',
  'accept-language' => 'zh-CN,zh;q=0.9',
  'cookie' => 'thinkphp_show_page_trace=0|0; pgv_pvi=6541809664; Hm_lvt_b393d153aeb26b46e9431fabaf0f6190=1562573171,1562593918; _ga=GA1.1.940187228.1563443493; Hm_lvt_b6e7d11991c8d9c5fc1538757aee5c98=1563440311,1564122821; Hm_lvt_7939d4262ca7fdc78dfecfe3a828ea00=1565183993,1565776046; admin_username=admin; Hm_lvt_6f035c9498b2352e12886fcdbf2a25bb=1570497277,1571727851,1572244921; Hm_lpvt_6f035c9498b2352e12886fcdbf2a25bb=1572255462; PHPSESSID=2dc10d910f1e06a3542d2b0d14769b6f; think_lang=zh-cn; thinkphp_show_page_trace=0|0',
)
[ info ] [ PARAM ] array (
)
---------------------------------------------------------------

[2019-11-02T15:31:27+08:00] 127.0.0.1 GET localhost:8000/admin/general/config.html
[运行时间：0.064958s] [吞吐率：15.39req/s] [内存消耗：1,760.59kb] [文件加载：71]
[ info ] [ LANG ] E:\www\thinkphp5.1\thinkphp\lang\zh-cn.php
[ info ] [ ROUTE ] array (
)
[ info ] [ HEADER ] array (
  'host' => 'localhost:8000',
  'connection' => 'keep-alive',
  'upgrade-insecure-requests' => '1',
  'user-agent' => 'Mozilla/5.0 (Windows NT 10.0; WOW64) AppleWebKit/537.36 (KHTML, like Gecko) Chrome/78.0.3904.70 Safari/537.36',
  'sec-fetch-user' => '?1',
  'accept' => 'text/html,application/xhtml+xml,application/xml;q=0.9,image/webp,image/apng,*/*;q=0.8,application/signed-exchange;v=b3',
  'sec-fetch-site' => 'same-origin',
  'sec-fetch-mode' => 'navigate',
  'referer' => 'http://localhost:8000/admin/dashboard/index.html',
  'accept-encoding' => 'gzip, deflate, br',
  'accept-language' => 'zh-CN,zh;q=0.9',
  'cookie' => 'thinkphp_show_page_trace=0|0; pgv_pvi=6541809664; Hm_lvt_b393d153aeb26b46e9431fabaf0f6190=1562573171,1562593918; _ga=GA1.1.940187228.1563443493; Hm_lvt_b6e7d11991c8d9c5fc1538757aee5c98=1563440311,1564122821; Hm_lvt_7939d4262ca7fdc78dfecfe3a828ea00=1565183993,1565776046; admin_username=admin; Hm_lvt_6f035c9498b2352e12886fcdbf2a25bb=1570497277,1571727851,1572244921; Hm_lpvt_6f035c9498b2352e12886fcdbf2a25bb=1572255462; PHPSESSID=2dc10d910f1e06a3542d2b0d14769b6f; think_lang=zh-cn; thinkphp_show_page_trace=0|0',
)
[ info ] [ PARAM ] array (
)
[ info ] [ VIEW ] E:\www\thinkphp5.1\application\admin\view\general\config\index.html [ array (
) ]
---------------------------------------------------------------

[2019-11-02T15:31:28+08:00] 127.0.0.1 GET localhost:8000/admin/general/__IMG__/img.jpg
[运行时间：0.041792s] [吞吐率：23.93req/s] [内存消耗：1,619.64kb] [文件加载：66]
[ info ] [ LANG ] E:\www\thinkphp5.1\thinkphp\lang\zh-cn.php
[ info ] [ ROUTE ] array (
)
[ info ] [ HEADER ] array (
  'host' => 'localhost:8000',
  'connection' => 'keep-alive',
  'user-agent' => 'Mozilla/5.0 (Windows NT 10.0; WOW64) AppleWebKit/537.36 (KHTML, like Gecko) Chrome/78.0.3904.70 Safari/537.36',
  'accept' => 'image/webp,image/apng,image/*,*/*;q=0.8',
  'sec-fetch-site' => 'same-origin',
  'sec-fetch-mode' => 'no-cors',
  'referer' => 'http://localhost:8000/admin/general/config.html',
  'accept-encoding' => 'gzip, deflate, br',
  'accept-language' => 'zh-CN,zh;q=0.9',
  'cookie' => 'thinkphp_show_page_trace=0|0; pgv_pvi=6541809664; Hm_lvt_b393d153aeb26b46e9431fabaf0f6190=1562573171,1562593918; _ga=GA1.1.940187228.1563443493; Hm_lvt_b6e7d11991c8d9c5fc1538757aee5c98=1563440311,1564122821; Hm_lvt_7939d4262ca7fdc78dfecfe3a828ea00=1565183993,1565776046; admin_username=admin; Hm_lvt_6f035c9498b2352e12886fcdbf2a25bb=1570497277,1571727851,1572244921; Hm_lpvt_6f035c9498b2352e12886fcdbf2a25bb=1572255462; PHPSESSID=2dc10d910f1e06a3542d2b0d14769b6f; think_lang=zh-cn; thinkphp_show_page_trace=0|0',
)
[ info ] [ PARAM ] array (
)
---------------------------------------------------------------

[2019-11-02T15:31:32+08:00] 127.0.0.1 GET localhost:8000/admin/general/config.html
[运行时间：0.024114s] [吞吐率：41.47req/s] [内存消耗：1,760.59kb] [文件加载：71]
[ info ] [ LANG ] E:\www\thinkphp5.1\thinkphp\lang\zh-cn.php
[ info ] [ ROUTE ] array (
)
[ info ] [ HEADER ] array (
  'host' => 'localhost:8000',
  'connection' => 'keep-alive',
  'upgrade-insecure-requests' => '1',
  'user-agent' => 'Mozilla/5.0 (Windows NT 10.0; WOW64) AppleWebKit/537.36 (KHTML, like Gecko) Chrome/78.0.3904.70 Safari/537.36',
  'sec-fetch-user' => '?1',
  'accept' => 'text/html,application/xhtml+xml,application/xml;q=0.9,image/webp,image/apng,*/*;q=0.8,application/signed-exchange;v=b3',
  'sec-fetch-site' => 'same-origin',
  'sec-fetch-mode' => 'navigate',
  'referer' => 'http://localhost:8000/admin/general/config.html',
  'accept-encoding' => 'gzip, deflate, br',
  'accept-language' => 'zh-CN,zh;q=0.9',
  'cookie' => 'thinkphp_show_page_trace=0|0; pgv_pvi=6541809664; Hm_lvt_b393d153aeb26b46e9431fabaf0f6190=1562573171,1562593918; _ga=GA1.1.940187228.1563443493; Hm_lvt_b6e7d11991c8d9c5fc1538757aee5c98=1563440311,1564122821; Hm_lvt_7939d4262ca7fdc78dfecfe3a828ea00=1565183993,1565776046; admin_username=admin; Hm_lvt_6f035c9498b2352e12886fcdbf2a25bb=1570497277,1571727851,1572244921; Hm_lpvt_6f035c9498b2352e12886fcdbf2a25bb=1572255462; PHPSESSID=2dc10d910f1e06a3542d2b0d14769b6f; think_lang=zh-cn; thinkphp_show_page_trace=0|0',
)
[ info ] [ PARAM ] array (
)
[ info ] [ VIEW ] E:\www\thinkphp5.1\application\admin\view\general\config\index.html [ array (
) ]
---------------------------------------------------------------

[2019-11-02T15:31:32+08:00] 127.0.0.1 GET localhost:8000/admin/general/__IMG__/img.jpg
[运行时间：0.023099s] [吞吐率：43.29req/s] [内存消耗：1,619.64kb] [文件加载：66]
[ info ] [ LANG ] E:\www\thinkphp5.1\thinkphp\lang\zh-cn.php
[ info ] [ ROUTE ] array (
)
[ info ] [ HEADER ] array (
  'host' => 'localhost:8000',
  'connection' => 'keep-alive',
  'user-agent' => 'Mozilla/5.0 (Windows NT 10.0; WOW64) AppleWebKit/537.36 (KHTML, like Gecko) Chrome/78.0.3904.70 Safari/537.36',
  'accept' => 'image/webp,image/apng,image/*,*/*;q=0.8',
  'sec-fetch-site' => 'same-origin',
  'sec-fetch-mode' => 'no-cors',
  'referer' => 'http://localhost:8000/admin/general/config.html',
  'accept-encoding' => 'gzip, deflate, br',
  'accept-language' => 'zh-CN,zh;q=0.9',
  'cookie' => 'thinkphp_show_page_trace=0|0; pgv_pvi=6541809664; Hm_lvt_b393d153aeb26b46e9431fabaf0f6190=1562573171,1562593918; _ga=GA1.1.940187228.1563443493; Hm_lvt_b6e7d11991c8d9c5fc1538757aee5c98=1563440311,1564122821; Hm_lvt_7939d4262ca7fdc78dfecfe3a828ea00=1565183993,1565776046; admin_username=admin; Hm_lvt_6f035c9498b2352e12886fcdbf2a25bb=1570497277,1571727851,1572244921; Hm_lpvt_6f035c9498b2352e12886fcdbf2a25bb=1572255462; PHPSESSID=2dc10d910f1e06a3542d2b0d14769b6f; think_lang=zh-cn; thinkphp_show_page_trace=0|0',
)
[ info ] [ PARAM ] array (
)
---------------------------------------------------------------

[2019-11-02T15:31:37+08:00] 127.0.0.1 GET localhost:8000/admin/user/users.html
[运行时间：1.243303s] [吞吐率：0.80req/s] [内存消耗：3,107.77kb] [文件加载：85]
[ info ] [ LANG ] E:\www\thinkphp5.1\thinkphp\lang\zh-cn.php
[ info ] [ ROUTE ] array (
)
[ info ] [ HEADER ] array (
  'host' => 'localhost:8000',
  'connection' => 'keep-alive',
  'upgrade-insecure-requests' => '1',
  'user-agent' => 'Mozilla/5.0 (Windows NT 10.0; WOW64) AppleWebKit/537.36 (KHTML, like Gecko) Chrome/78.0.3904.70 Safari/537.36',
  'sec-fetch-user' => '?1',
  'accept' => 'text/html,application/xhtml+xml,application/xml;q=0.9,image/webp,image/apng,*/*;q=0.8,application/signed-exchange;v=b3',
  'sec-fetch-site' => 'same-origin',
  'sec-fetch-mode' => 'navigate',
  'referer' => 'http://localhost:8000/admin/general/config.html',
  'accept-encoding' => 'gzip, deflate, br',
  'accept-language' => 'zh-CN,zh;q=0.9',
  'cookie' => 'thinkphp_show_page_trace=0|0; pgv_pvi=6541809664; Hm_lvt_b393d153aeb26b46e9431fabaf0f6190=1562573171,1562593918; _ga=GA1.1.940187228.1563443493; Hm_lvt_b6e7d11991c8d9c5fc1538757aee5c98=1563440311,1564122821; Hm_lvt_7939d4262ca7fdc78dfecfe3a828ea00=1565183993,1565776046; admin_username=admin; Hm_lvt_6f035c9498b2352e12886fcdbf2a25bb=1570497277,1571727851,1572244921; Hm_lpvt_6f035c9498b2352e12886fcdbf2a25bb=1572255462; PHPSESSID=2dc10d910f1e06a3542d2b0d14769b6f; think_lang=zh-cn; thinkphp_show_page_trace=0|0',
)
[ info ] [ PARAM ] array (
)
[ info ] [ DB ] INIT mysql
[ info ] [ VIEW ] E:\www\thinkphp5.1\application\admin\view\user\users\index.html [ array (
  0 => 'data',
) ]
[ sql ] [ DB ] CONNECT:[ UseTime:1.039056s ] mysql:host=localhost;dbname=examadmin;charset=utf8
[ sql ] [ SQL ] SHOW COLUMNS FROM `ex_users` [ RunTime:0.010538s ]
[ sql ] [ SQL ] SELECT * FROM `ex_users` [ RunTime:0.000613s ]
---------------------------------------------------------------

[2019-11-02T15:31:38+08:00] 127.0.0.1 GET localhost:8000/admin/user/__IMG__/img.jpg
[运行时间：0.023246s] [吞吐率：43.02req/s] [内存消耗：1,619.64kb] [文件加载：66]
[ info ] [ LANG ] E:\www\thinkphp5.1\thinkphp\lang\zh-cn.php
[ info ] [ ROUTE ] array (
)
[ info ] [ HEADER ] array (
  'host' => 'localhost:8000',
  'connection' => 'keep-alive',
  'user-agent' => 'Mozilla/5.0 (Windows NT 10.0; WOW64) AppleWebKit/537.36 (KHTML, like Gecko) Chrome/78.0.3904.70 Safari/537.36',
  'accept' => 'image/webp,image/apng,image/*,*/*;q=0.8',
  'sec-fetch-site' => 'same-origin',
  'sec-fetch-mode' => 'no-cors',
  'referer' => 'http://localhost:8000/admin/user/users.html',
  'accept-encoding' => 'gzip, deflate, br',
  'accept-language' => 'zh-CN,zh;q=0.9',
  'cookie' => 'thinkphp_show_page_trace=0|0; pgv_pvi=6541809664; Hm_lvt_b393d153aeb26b46e9431fabaf0f6190=1562573171,1562593918; _ga=GA1.1.940187228.1563443493; Hm_lvt_b6e7d11991c8d9c5fc1538757aee5c98=1563440311,1564122821; Hm_lvt_7939d4262ca7fdc78dfecfe3a828ea00=1565183993,1565776046; admin_username=admin; Hm_lvt_6f035c9498b2352e12886fcdbf2a25bb=1570497277,1571727851,1572244921; Hm_lpvt_6f035c9498b2352e12886fcdbf2a25bb=1572255462; PHPSESSID=2dc10d910f1e06a3542d2b0d14769b6f; think_lang=zh-cn; thinkphp_show_page_trace=0|0',
)
[ info ] [ PARAM ] array (
)
---------------------------------------------------------------

[2019-11-02T15:31:41+08:00] 127.0.0.1 GET localhost:8000/admin/user.users/edit.html
[运行时间：0.068310s] [吞吐率：14.64req/s] [内存消耗：1,818.51kb] [文件加载：71]
[ info ] [ LANG ] E:\www\thinkphp5.1\thinkphp\lang\zh-cn.php
[ info ] [ ROUTE ] array (
)
[ info ] [ HEADER ] array (
  'host' => 'localhost:8000',
  'connection' => 'keep-alive',
  'upgrade-insecure-requests' => '1',
  'user-agent' => 'Mozilla/5.0 (Windows NT 10.0; WOW64) AppleWebKit/537.36 (KHTML, like Gecko) Chrome/78.0.3904.70 Safari/537.36',
  'sec-fetch-user' => '?1',
  'accept' => 'text/html,application/xhtml+xml,application/xml;q=0.9,image/webp,image/apng,*/*;q=0.8,application/signed-exchange;v=b3',
  'sec-fetch-site' => 'same-origin',
  'sec-fetch-mode' => 'navigate',
  'referer' => 'http://localhost:8000/admin/user/users.html',
  'accept-encoding' => 'gzip, deflate, br',
  'accept-language' => 'zh-CN,zh;q=0.9',
  'cookie' => 'pgv_pvi=6541809664; Hm_lvt_b393d153aeb26b46e9431fabaf0f6190=1562573171,1562593918; _ga=GA1.1.940187228.1563443493; Hm_lvt_b6e7d11991c8d9c5fc1538757aee5c98=1563440311,1564122821; Hm_lvt_7939d4262ca7fdc78dfecfe3a828ea00=1565183993,1565776046; admin_username=admin; Hm_lvt_6f035c9498b2352e12886fcdbf2a25bb=1570497277,1571727851,1572244921; Hm_lpvt_6f035c9498b2352e12886fcdbf2a25bb=1572255462; PHPSESSID=2dc10d910f1e06a3542d2b0d14769b6f; think_lang=zh-cn; thinkphp_show_page_trace=0|0',
)
[ info ] [ PARAM ] array (
)
[ info ] [ VIEW ] E:\www\thinkphp5.1\application\admin\view\user\users\edit.html [ array (
) ]
